Started GET "/" for ::1 at 2022-10-03 13:28:51 +0100
  [1m[35m (1.0ms)[0m  [1m[34mSELECT sqlite_version(*)[0m
Processing by HomeController#index as HTML
  Rendering layout layouts/application.html.erb
  Rendering home/index.html.erb within layouts/application
  Rendered home/index.html.erb within layouts/application (Duration: 0.8ms | Allocations: 330)
[Webpacker] Compiling...
[Webpacker] Compiled all packs in /Users/ellie/Desktop/blog/public/packs
[Webpacker] Hash: 4949f615883aa45838a7
Version: webpack 4.46.0
Time: 562ms
Built at: 03/10/2022 13:28:52
                                     Asset       Size       Chunks                         Chunk Names
    js/application-19ade39cc333985062bf.js    125 KiB  application  [emitted] [immutable]  application
js/application-19ade39cc333985062bf.js.map    139 KiB  application  [emitted] [dev]        application
                             manifest.json  364 bytes               [emitted]              
Entrypoint application = js/application-19ade39cc333985062bf.js js/application-19ade39cc333985062bf.js.map
[./app/javascript/channels sync recursive _channel\.js$] ./app/javascript/channels sync _channel\.js$ 160 bytes {application} [built]
[./app/javascript/channels/index.js] 211 bytes {application} [built]
[./app/javascript/packs/application.js] 492 bytes {application} [built]
[./node_modules/webpack/buildin/module.js] (webpack)/buildin/module.js 552 bytes {application} [built]
    + 3 hidden modules

  Rendered layout layouts/application.html.erb (Duration: 1485.1ms | Allocations: 17621)
Completed 200 OK in 1495ms (Views: 1488.4ms | ActiveRecord: 0.0ms | Allocations: 21344)


  [1m[35m (0.2ms)[0m  [1m[34mSELECT sqlite_version(*)[0m
  [1m[35m (1.1ms)[0m  [1m[35mCREATE TABLE "schema_migrations" ("version" varchar NOT NULL PRIMARY KEY)[0m
  [1m[35m (0.6ms)[0m  [1m[35mCREATE TABLE "ar_internal_metadata" ("key" varchar NOT NULL PRIMARY KEY, "value" varchar, "created_at" datetime(6) NOT NULL, "updated_at" datetime(6) NOT NULL)[0m
  [1m[35m (0.1ms)[0m  [1m[34mSELECT "schema_migrations"."version" FROM "schema_migrations" ORDER BY "schema_migrations"."version" ASC[0m
Migrating to DeviseCreateAuthors (20221003124134)
  [1m[36mTRANSACTION (0.0ms)[0m  [1m[36mbegin transaction[0m
  [1m[35m (0.2ms)[0m  [1m[35mCREATE TABLE "authors" ("id" integer PRIMARY KEY AUTOINCREMENT NOT NULL, "email" varchar DEFAULT '' NOT NULL, "encrypted_password" varchar DEFAULT '' NOT NULL, "reset_password_token" varchar, "reset_password_sent_at" datetime, "remember_created_at" datetime, "created_at" datetime(6) NOT NULL, "updated_at" datetime(6) NOT NULL)[0m
  [1m[35m (0.1ms)[0m  [1m[35mCREATE UNIQUE INDEX "index_authors_on_email" ON "authors" ("email")[0m
  [1m[35m (0.0ms)[0m  [1m[35mCREATE UNIQUE INDEX "index_authors_on_reset_password_token" ON "authors" ("reset_password_token")[0m
  [1m[36mActiveRecord::SchemaMigration Create (0.0ms)[0m  [1m[32mINSERT INTO "schema_migrations" ("version") VALUES (?)[0m  [["version", "20221003124134"]]
  [1m[36mTRANSACTION (0.6ms)[0m  [1m[36mcommit transaction[0m
  [1m[36mActiveRecord::InternalMetadata Load (0.1ms)[0m  [1m[34mSELECT "ar_internal_metadata".* FROM "ar_internal_metadata" WHERE "ar_internal_metadata"."key" = ? LIMIT ?[0m  [["key", "environment"], ["LIMIT", 1]]
  [1m[36mTRANSACTION (0.0ms)[0m  [1m[36mbegin transaction[0m
  [1m[36mActiveRecord::InternalMetadata Create (0.2ms)[0m  [1m[32mINSERT INTO "ar_internal_metadata" ("key", "value", "created_at", "updated_at") VALUES (?, ?, ?, ?)[0m  [["key", "environment"], ["value", "development"], ["created_at", "2022-10-03 12:42:12.348629"], ["updated_at", "2022-10-03 12:42:12.348629"]]
  [1m[36mTRANSACTION (0.5ms)[0m  [1m[36mcommit transaction[0m
  [1m[35m (0.0ms)[0m  [1m[34mSELECT sqlite_version(*)[0m
  [1m[35m (0.0ms)[0m  [1m[34mSELECT "schema_migrations"."version" FROM "schema_migrations" ORDER BY "schema_migrations"."version" ASC[0m
Started GET "/author" for ::1 at 2022-10-03 13:48:07 +0100
  [1m[35m (0.3ms)[0m  [1m[34mSELECT sqlite_version(*)[0m
  [1m[35m (0.0ms)[0m  [1m[34mSELECT "schema_migrations"."version" FROM "schema_migrations" ORDER BY "schema_migrations"."version" ASC[0m
  
ActionController::RoutingError (No route matches [GET] "/author"):
  
Started GET "/authors" for ::1 at 2022-10-03 13:48:09 +0100
  
ActionController::RoutingError (No route matches [GET] "/authors"):
  
Started GET "/authors/sign_in" for ::1 at 2022-10-03 13:48:21 +0100
Processing by Devise::SessionsController#new as HTML
  Rendering layout layouts/application.html.erb
  Rendering devise/sessions/new.html.erb within layouts/application
  Rendered devise/shared/_links.html.erb (Duration: 0.8ms | Allocations: 621)
  Rendered devise/sessions/new.html.erb within layouts/application (Duration: 16.0ms | Allocations: 7672)
[Webpacker] Everything's up-to-date. Nothing to do
  Rendered layout layouts/application.html.erb (Duration: 23.3ms | Allocations: 13369)
Completed 200 OK in 35ms (Views: 24.9ms | ActiveRecord: 0.3ms | Allocations: 20778)


  [1m[35m (0.3ms)[0m  [1m[34mSELECT sqlite_version(*)[0m
  [1m[35m (0.0ms)[0m  [1m[34mSELECT "schema_migrations"."version" FROM "schema_migrations" ORDER BY "schema_migrations"."version" ASC[0m
Migrating to CreatePosts (20221003131459)
  [1m[36mTRANSACTION (0.0ms)[0m  [1m[36mbegin transaction[0m
  [1m[35m (0.2ms)[0m  [1m[35mCREATE TABLE "posts" ("id" integer PRIMARY KEY AUTOINCREMENT NOT NULL, "title" varchar, "description" text, "punlished" boolean, "published_at" datetime, "author_id" integer NOT NULL, "created_at" datetime(6) NOT NULL, "updated_at" datetime(6) NOT NULL, CONSTRAINT "fk_rails_04d13ef8c7"
FOREIGN KEY ("author_id")
  REFERENCES "authors" ("id")
)[0m
  [1m[35m (0.0ms)[0m  [1m[35mCREATE INDEX "index_posts_on_author_id" ON "posts" ("author_id")[0m
  [1m[36mActiveRecord::SchemaMigration Create (0.1ms)[0m  [1m[32mINSERT INTO "schema_migrations" ("version") VALUES (?)[0m  [["version", "20221003131459"]]
  [1m[36mTRANSACTION (0.7ms)[0m  [1m[36mcommit transaction[0m
  [1m[36mActiveRecord::InternalMetadata Load (0.0ms)[0m  [1m[34mSELECT "ar_internal_metadata".* FROM "ar_internal_metadata" WHERE "ar_internal_metadata"."key" = ? LIMIT ?[0m  [["key", "environment"], ["LIMIT", 1]]
  [1m[35m (0.0ms)[0m  [1m[34mSELECT sqlite_version(*)[0m
  [1m[35m (0.0ms)[0m  [1m[34mSELECT "schema_migrations"."version" FROM "schema_migrations" ORDER BY "schema_migrations"."version" ASC[0m
Started GET "/posts" for ::1 at 2022-10-03 14:15:28 +0100
  [1m[35m (0.4ms)[0m  [1m[34mSELECT sqlite_version(*)[0m
  [1m[35m (0.0ms)[0m  [1m[34mSELECT "schema_migrations"."version" FROM "schema_migrations" ORDER BY "schema_migrations"."version" ASC[0m
Processing by PostsController#index as HTML
  Rendering layout layouts/application.html.erb
  Rendering posts/index.html.erb within layouts/application
  [1m[36mPost Load (0.1ms)[0m  [1m[34mSELECT "posts".* FROM "posts"[0m
  ↳ app/views/posts/index.html.erb:18
  Rendered posts/index.html.erb within layouts/application (Duration: 1.4ms | Allocations: 1205)
[Webpacker] Everything's up-to-date. Nothing to do
  Rendered layout layouts/application.html.erb (Duration: 27.8ms | Allocations: 22310)
Completed 200 OK in 36ms (Views: 28.9ms | ActiveRecord: 0.1ms | Allocations: 26414)


Started GET "/posts/new" for ::1 at 2022-10-03 14:15:30 +0100
Processing by PostsController#new as HTML
  Rendering layout layouts/application.html.erb
  Rendering posts/new.html.erb within layouts/application
  Rendered posts/_form.html.erb (Duration: 31.7ms | Allocations: 8633)
  Rendered posts/new.html.erb within layouts/application (Duration: 33.1ms | Allocations: 9017)
[Webpacker] Everything's up-to-date. Nothing to do
  Rendered layout layouts/application.html.erb (Duration: 41.5ms | Allocations: 12725)
Completed 200 OK in 59ms (Views: 42.4ms | ActiveRecord: 1.3ms | Allocations: 17201)


Started GET "/posts/new" for ::1 at 2022-10-03 14:34:30 +0100
  [1m[35m (0.3ms)[0m  [1m[34mSELECT sqlite_version(*)[0m
  [1m[35m (0.1ms)[0m  [1m[34mSELECT "schema_migrations"."version" FROM "schema_migrations" ORDER BY "schema_migrations"."version" ASC[0m
  
ActionController::RoutingError (uninitialized constant PostsController):
  
Started GET "/" for ::1 at 2022-10-03 14:34:34 +0100
Processing by HomeController#index as HTML
  Rendering layout layouts/application.html.erb
  Rendering home/index.html.erb within layouts/application
  Rendered home/index.html.erb within layouts/application (Duration: 0.4ms | Allocations: 105)
[Webpacker] Everything's up-to-date. Nothing to do
  Rendered layout layouts/application.html.erb (Duration: 13.4ms | Allocations: 6547)
Completed 200 OK in 25ms (Views: 16.2ms | ActiveRecord: 0.0ms | Allocations: 8646)


Started GET "/" for ::1 at 2022-10-03 14:34:34 +0100
Processing by HomeController#index as HTML
  Rendering layout layouts/application.html.erb
  Rendering home/index.html.erb within layouts/application
  Rendered home/index.html.erb within layouts/application (Duration: 0.1ms | Allocations: 36)
[Webpacker] Everything's up-to-date. Nothing to do
  Rendered layout layouts/application.html.erb (Duration: 11.7ms | Allocations: 3742)
Completed 200 OK in 13ms (Views: 12.5ms | ActiveRecord: 0.0ms | Allocations: 4124)


Started GET "/posts" for ::1 at 2022-10-03 14:34:41 +0100
  
ActionController::RoutingError (uninitialized constant PostsController):
  
Started GET "/posts" for ::1 at 2022-10-03 14:55:42 +0100
Processing by Authors::PostsController#index as HTML
  Rendering layout layouts/application.html.erb
  Rendering authors/posts/index.html.erb within layouts/application
  [1m[35m (0.0ms)[0m  [1m[34mSELECT sqlite_version(*)[0m
  ↳ app/views/authors/posts/index.html.erb:18
  [1m[36mPost Load (0.1ms)[0m  [1m[34mSELECT "posts".* FROM "posts"[0m
  ↳ app/views/authors/posts/index.html.erb:18
  Rendered authors/posts/index.html.erb within layouts/application (Duration: 2.7ms | Allocations: 1847)
[Webpacker] Everything's up-to-date. Nothing to do
  Rendered layout layouts/application.html.erb (Duration: 6.2ms | Allocations: 5519)
Completed 200 OK in 9ms (Views: 7.0ms | ActiveRecord: 0.3ms | Allocations: 7574)


Started GET "/posts/new" for ::1 at 2022-10-03 14:55:43 +0100
Processing by Authors::PostsController#new as HTML
  Rendering layout layouts/application.html.erb
  Rendering authors/posts/new.html.erb within layouts/application
  Rendered authors/posts/_form.html.erb (Duration: 12.8ms | Allocations: 8254)
  Rendered authors/posts/new.html.erb within layouts/application (Duration: 14.0ms | Allocations: 8620)
[Webpacker] Everything's up-to-date. Nothing to do
  Rendered layout layouts/application.html.erb (Duration: 39.1ms | Allocations: 12336)
Completed 200 OK in 52ms (Views: 39.9ms | ActiveRecord: 1.3ms | Allocations: 16915)


Started GET "/posts/new" for ::1 at 2022-10-03 15:05:46 +0100
Processing by Authors::PostsController#new as HTML
  [1m[35m (0.0ms)[0m  [1m[34mSELECT sqlite_version(*)[0m
  ↳ app/controllers/authors/posts_controller.rb:17:in `new'
  Rendering layout layouts/application.html.erb
  Rendering authors/posts/new.html.erb within layouts/application
  Rendered authors/posts/_form.html.erb (Duration: 2.6ms | Allocations: 4981)
  Rendered authors/posts/new.html.erb within layouts/application (Duration: 4.9ms | Allocations: 5098)
[Webpacker] Everything's up-to-date. Nothing to do
  Rendered layout layouts/application.html.erb (Duration: 9.0ms | Allocations: 8776)
Completed 200 OK in 15ms (Views: 9.9ms | ActiveRecord: 0.2ms | Allocations: 13796)


Started GET "/posts/new" for ::1 at 2022-10-03 15:05:52 +0100
Processing by Authors::PostsController#new as HTML
  Rendering layout layouts/application.html.erb
  Rendering authors/posts/new.html.erb within layouts/application
  Rendered authors/posts/_form.html.erb (Duration: 6.2ms | Allocations: 4928)
  Rendered authors/posts/new.html.erb within layouts/application (Duration: 6.6ms | Allocations: 5044)
[Webpacker] Everything's up-to-date. Nothing to do
  Rendered layout layouts/application.html.erb (Duration: 14.1ms | Allocations: 8745)
Completed 200 OK in 15ms (Views: 14.9ms | ActiveRecord: 0.0ms | Allocations: 9121)


Started GET "/posts/new" for ::1 at 2022-10-03 15:05:58 +0100
Processing by Authors::PostsController#new as HTML
Completed 401 Unauthorized in 3ms (Allocations: 912)


Started GET "/authors/sign_in" for ::1 at 2022-10-03 15:05:58 +0100
Processing by Devise::SessionsController#new as HTML
  [1m[35m (0.0ms)[0m  [1m[34mSELECT sqlite_version(*)[0m
  Rendering layout layouts/application.html.erb
  Rendering devise/sessions/new.html.erb within layouts/application
  Rendered devise/shared/_links.html.erb (Duration: 0.7ms | Allocations: 624)
  Rendered devise/sessions/new.html.erb within layouts/application (Duration: 3.0ms | Allocations: 2442)
[Webpacker] Everything's up-to-date. Nothing to do
  Rendered layout layouts/application.html.erb (Duration: 6.7ms | Allocations: 6172)
Completed 200 OK in 15ms (Views: 8.4ms | ActiveRecord: 0.6ms | Allocations: 12707)


Started GET "/posts/new" for ::1 at 2022-10-03 15:26:33 +0100
Processing by Authors::PostsController#new as HTML
Completed 401 Unauthorized in 1ms (Allocations: 778)


Started GET "/authors/sign_in" for ::1 at 2022-10-03 15:26:33 +0100
Processing by Devise::SessionsController#new as HTML
  [1m[35m (0.0ms)[0m  [1m[34mSELECT sqlite_version(*)[0m
  Rendering layout layouts/application.html.erb
  Rendering devise/sessions/new.html.erb within layouts/application
  Rendered devise/shared/_links.html.erb (Duration: 0.5ms | Allocations: 554)
  Rendered devise/sessions/new.html.erb within layouts/application (Duration: 1.8ms | Allocations: 2125)
[Webpacker] Everything's up-to-date. Nothing to do
  Rendered layout layouts/application.html.erb (Duration: 6.1ms | Allocations: 6052)
Completed 200 OK in 12ms (Views: 7.6ms | ActiveRecord: 0.2ms | Allocations: 11968)


  [1m[35m (0.4ms)[0m  [1m[34mSELECT sqlite_version(*)[0m
  [1m[35m (0.0ms)[0m  [1m[34mSELECT "schema_migrations"."version" FROM "schema_migrations" ORDER BY "schema_migrations"."version" ASC[0m
Migrating to FixColumnName (20221003145440)
  [1m[36mTRANSACTION (0.0ms)[0m  [1m[36mbegin transaction[0m
  [1m[35m (0.0ms)[0m  [1m[35mPRAGMA foreign_keys[0m
  [1m[35m (0.0ms)[0m  [1m[35mPRAGMA defer_foreign_keys[0m
  [1m[35m (0.0ms)[0m  [1m[35mPRAGMA defer_foreign_keys = ON[0m
  [1m[35m (0.0ms)[0m  [1m[35mPRAGMA foreign_keys = OFF[0m
  [1m[35m (0.1ms)[0m  [1m[35mCREATE TEMPORARY TABLE "aposts" ("id" integer NOT NULL PRIMARY KEY, "title" varchar DEFAULT NULL, "description" text DEFAULT NULL, "published" boolean DEFAULT NULL, "published_at" datetime DEFAULT NULL, "author_id" integer NOT NULL, "created_at" datetime(6) NOT NULL, "updated_at" datetime(6) NOT NULL)[0m
  [1m[35m (0.0ms)[0m  [1m[35mCREATE INDEX "tindex_aposts_on_author_id" ON "aposts" ("author_id")[0m
  [1m[35m (0.2ms)[0m  [1m[32mINSERT INTO "aposts" ("id","title","description","published","published_at","author_id","created_at","updated_at")
                     SELECT "id","title","description","punlished","published_at","author_id","created_at","updated_at" FROM "posts"[0m
  [1m[35m (0.4ms)[0m  [1m[35mDROP TABLE "posts"[0m
  [1m[35m (0.1ms)[0m  [1m[35mCREATE TABLE "posts" ("id" integer NOT NULL PRIMARY KEY, "title" varchar DEFAULT NULL, "description" text DEFAULT NULL, "published" boolean DEFAULT NULL, "published_at" datetime DEFAULT NULL, "author_id" integer NOT NULL, "created_at" datetime(6) NOT NULL, "updated_at" datetime(6) NOT NULL, CONSTRAINT "fk_rails_04d13ef8c7"
FOREIGN KEY ("author_id")
  REFERENCES "authors" ("id")
)[0m
  [1m[35m (0.0ms)[0m  [1m[35mCREATE INDEX "index_posts_on_author_id" ON "posts" ("author_id")[0m
  [1m[35m (0.0ms)[0m  [1m[32mINSERT INTO "posts" ("id","title","description","published","published_at","author_id","created_at","updated_at")
                     SELECT "id","title","description","published","published_at","author_id","created_at","updated_at" FROM "aposts"[0m
  [1m[35m (0.0ms)[0m  [1m[35mDROP TABLE "aposts"[0m
  [1m[35m (0.0ms)[0m  [1m[35mPRAGMA defer_foreign_keys = 0[0m
  [1m[35m (0.0ms)[0m  [1m[35mPRAGMA foreign_keys = 1[0m
  [1m[36mActiveRecord::SchemaMigration Create (0.1ms)[0m  [1m[32mINSERT INTO "schema_migrations" ("version") VALUES (?)[0m  [["version", "20221003145440"]]
  [1m[36mTRANSACTION (0.5ms)[0m  [1m[36mcommit transaction[0m
  [1m[36mActiveRecord::InternalMetadata Load (0.1ms)[0m  [1m[34mSELECT "ar_internal_metadata".* FROM "ar_internal_metadata" WHERE "ar_internal_metadata"."key" = ? LIMIT ?[0m  [["key", "environment"], ["LIMIT", 1]]
  [1m[35m (0.0ms)[0m  [1m[34mSELECT sqlite_version(*)[0m
  [1m[35m (0.0ms)[0m  [1m[34mSELECT "schema_migrations"."version" FROM "schema_migrations" ORDER BY "schema_migrations"."version" ASC[0m
Started GET "/authors/sign_in" for ::1 at 2022-10-03 16:01:33 +0100
  [1m[35m (0.3ms)[0m  [1m[34mSELECT sqlite_version(*)[0m
  [1m[35m (0.1ms)[0m  [1m[34mSELECT "schema_migrations"."version" FROM "schema_migrations" ORDER BY "schema_migrations"."version" ASC[0m
Processing by Devise::SessionsController#new as HTML
  Rendering layout layouts/application.html.erb
  Rendering devise/sessions/new.html.erb within layouts/application
  Rendered devise/shared/_links.html.erb (Duration: 0.5ms | Allocations: 726)
  Rendered devise/sessions/new.html.erb within layouts/application (Duration: 5.5ms | Allocations: 6158)
[Webpacker] Everything's up-to-date. Nothing to do
  Rendered layout layouts/application.html.erb (Duration: 17.5ms | Allocations: 13627)
Completed 200 OK in 33ms (Views: 20.1ms | ActiveRecord: 0.3ms | Allocations: 21668)


Started GET "/authors" for ::1 at 2022-10-03 16:01:40 +0100
  
ActionController::RoutingError (No route matches [GET] "/authors"):
  
Started GET "/authors/sign_in" for ::1 at 2022-10-03 16:01:47 +0100
Processing by Devise::SessionsController#new as HTML
  Rendering layout layouts/application.html.erb
  Rendering devise/sessions/new.html.erb within layouts/application
  Rendered devise/shared/_links.html.erb (Duration: 0.3ms | Allocations: 172)
  Rendered devise/sessions/new.html.erb within layouts/application (Duration: 3.1ms | Allocations: 1425)
[Webpacker] Everything's up-to-date. Nothing to do
  Rendered layout layouts/application.html.erb (Duration: 9.3ms | Allocations: 5304)
Completed 200 OK in 13ms (Views: 10.7ms | ActiveRecord: 0.0ms | Allocations: 6016)


Started GET "/posts/new" for ::1 at 2022-10-03 16:01:53 +0100
Processing by Authors::PostsController#new as HTML
Completed 401 Unauthorized in 1ms (ActiveRecord: 0.0ms | Allocations: 303)


Started GET "/authors/sign_in" for ::1 at 2022-10-03 16:01:53 +0100
Processing by Devise::SessionsController#new as HTML
  Rendering layout layouts/application.html.erb
  Rendering devise/sessions/new.html.erb within layouts/application
  Rendered devise/shared/_links.html.erb (Duration: 0.2ms | Allocations: 167)
  Rendered devise/sessions/new.html.erb within layouts/application (Duration: 7.8ms | Allocations: 1313)
[Webpacker] Everything's up-to-date. Nothing to do
  Rendered layout layouts/application.html.erb (Duration: 12.3ms | Allocations: 5080)
Completed 200 OK in 14ms (Views: 12.8ms | ActiveRecord: 0.0ms | Allocations: 5675)


Started GET "/authors/sign_up" for ::1 at 2022-10-03 16:06:33 +0100
Processing by Devise::RegistrationsController#new as HTML
  [1m[35m (0.1ms)[0m  [1m[34mSELECT sqlite_version(*)[0m
  Rendering layout layouts/application.html.erb
  Rendering devise/registrations/new.html.erb within layouts/application
  Rendered devise/shared/_error_messages.html.erb (Duration: 0.3ms | Allocations: 218)
  Rendered devise/shared/_links.html.erb (Duration: 0.1ms | Allocations: 149)
  Rendered devise/registrations/new.html.erb within layouts/application (Duration: 2.3ms | Allocations: 2109)
[Webpacker] Everything's up-to-date. Nothing to do
  Rendered layout layouts/application.html.erb (Duration: 7.9ms | Allocations: 5822)
Completed 200 OK in 15ms (Views: 8.8ms | ActiveRecord: 0.6ms | Allocations: 11666)


Started POST "/authors" for ::1 at 2022-10-03 16:06:48 +0100
Processing by Devise::RegistrationsController#create as HTML
  Parameters: {"authenticity_token"=>"[FILTERED]", "author"=>{"email"=>"test123@test.com", "password"=>"[FILTERED]", "password_confirmation"=>"[FILTERED]"}, "commit"=>"Sign up"}
  [1m[36mTRANSACTION (0.1ms)[0m  [1m[36mbegin transaction[0m
  [1m[36mAuthor Exists? (0.1ms)[0m  [1m[34mSELECT 1 AS one FROM "authors" WHERE "authors"."email" = ? LIMIT ?[0m  [["email", "test123@test.com"], ["LIMIT", 1]]
  [1m[36mAuthor Create (0.3ms)[0m  [1m[32mINSERT INTO "authors" ("email", "encrypted_password", "created_at", "updated_at") VALUES (?, ?, ?, ?)[0m  [["email", "test123@test.com"], ["encrypted_password", "$2a$12$Vf7qNOAZw5F2lTQrxaTIV.EWJojQ777/OPHMX1vyQZ9na.3SEa/EW"], ["created_at", "2022-10-03 15:06:48.746008"], ["updated_at", "2022-10-03 15:06:48.746008"]]
  [1m[36mTRANSACTION (1.0ms)[0m  [1m[36mcommit transaction[0m
Redirected to http://localhost:3000/posts/new
Completed 302 Found in 741ms (ActiveRecord: 1.5ms | Allocations: 8396)


Started GET "/posts/new" for ::1 at 2022-10-03 16:06:48 +0100
Processing by Authors::PostsController#new as HTML
  [1m[36mAuthor Load (0.1ms)[0m  [1m[34mSELECT "authors".* FROM "authors" WHERE "authors"."id" = ? ORDER BY "authors"."id" ASC LIMIT ?[0m  [["id", 1], ["LIMIT", 1]]
  Rendering layout layouts/authors.html.erb
  Rendering authors/posts/new.html.erb within layouts/authors
  Rendered authors/posts/_form.html.erb (Duration: 1.1ms | Allocations: 1704)
  Rendered authors/posts/new.html.erb within layouts/authors (Duration: 1.4ms | Allocations: 2057)
[Webpacker] Everything's up-to-date. Nothing to do
  Rendered layout layouts/authors.html.erb (Duration: 4.7ms | Allocations: 5941)
Completed 200 OK in 10ms (Views: 5.1ms | ActiveRecord: 0.2ms | Allocations: 12150)


Started POST "/posts" for ::1 at 2022-10-03 16:07:06 +0100
Processing by Authors::PostsController#create as HTML
  Parameters: {"authenticity_token"=>"[FILTERED]", "post"=>{"title"=>"this is number 1", "description"=>"yay first test", "author_id"=>"ellie"}, "commit"=>"Create Post"}
  [1m[36mAuthor Load (0.4ms)[0m  [1m[34mSELECT "authors".* FROM "authors" WHERE "authors"."id" = ? ORDER BY "authors"."id" ASC LIMIT ?[0m  [["id", 1], ["LIMIT", 1]]
  [1m[36mTRANSACTION (0.1ms)[0m  [1m[36mbegin transaction[0m
  ↳ app/controllers/authors/posts_controller.rb:29:in `block in create'
  [1m[36mAuthor Load (0.2ms)[0m  [1m[34mSELECT "authors".* FROM "authors" WHERE "authors"."id" = ? LIMIT ?[0m  [["id", 0], ["LIMIT", 1]]
  ↳ app/controllers/authors/posts_controller.rb:29:in `block in create'
  [1m[36mTRANSACTION (0.0ms)[0m  [1m[31mrollback transaction[0m
  ↳ app/controllers/authors/posts_controller.rb:29:in `block in create'
  Rendering layout layouts/authors.html.erb
  Rendering authors/posts/new.html.erb within layouts/authors
  Rendered authors/posts/_form.html.erb (Duration: 2.2ms | Allocations: 1645)
  Rendered authors/posts/new.html.erb within layouts/authors (Duration: 2.4ms | Allocations: 1762)
[Webpacker] Everything's up-to-date. Nothing to do
  Rendered layout layouts/authors.html.erb (Duration: 8.1ms | Allocations: 5400)
Completed 422 Unprocessable Entity in 41ms (Views: 8.6ms | ActiveRecord: 0.8ms | Allocations: 14947)


Started GET "/posts" for ::1 at 2022-10-03 16:07:15 +0100
Processing by Authors::PostsController#index as HTML
  [1m[36mAuthor Load (0.4ms)[0m  [1m[34mSELECT "authors".* FROM "authors" WHERE "authors"."id" = ? ORDER BY "authors"."id" ASC LIMIT ?[0m  [["id", 1], ["LIMIT", 1]]
  Rendering layout layouts/authors.html.erb
  Rendering authors/posts/index.html.erb within layouts/authors
  [1m[36mPost Load (0.2ms)[0m  [1m[34mSELECT "posts".* FROM "posts"[0m
  ↳ app/views/authors/posts/index.html.erb:18
  Rendered authors/posts/index.html.erb within layouts/authors (Duration: 1.8ms | Allocations: 1049)
[Webpacker] Everything's up-to-date. Nothing to do
  Rendered layout layouts/authors.html.erb (Duration: 7.9ms | Allocations: 4761)
Completed 200 OK in 26ms (Views: 8.3ms | ActiveRecord: 0.6ms | Allocations: 6395)


Started GET "/posts/new" for ::1 at 2022-10-03 16:07:17 +0100
Processing by Authors::PostsController#new as HTML
  [1m[36mAuthor Load (0.5ms)[0m  [1m[34mSELECT "authors".* FROM "authors" WHERE "authors"."id" = ? ORDER BY "authors"."id" ASC LIMIT ?[0m  [["id", 1], ["LIMIT", 1]]
  Rendering layout layouts/authors.html.erb
  Rendering authors/posts/new.html.erb within layouts/authors
  Rendered authors/posts/_form.html.erb (Duration: 3.5ms | Allocations: 1089)
  Rendered authors/posts/new.html.erb within layouts/authors (Duration: 4.4ms | Allocations: 1213)
[Webpacker] Everything's up-to-date. Nothing to do
  Rendered layout layouts/authors.html.erb (Duration: 14.2ms | Allocations: 5006)
Completed 200 OK in 24ms (Views: 15.2ms | ActiveRecord: 0.5ms | Allocations: 6477)


Started GET "/authors/sign_in" for ::1 at 2022-10-03 16:07:27 +0100
Processing by Devise::SessionsController#new as HTML
  [1m[36mAuthor Load (0.5ms)[0m  [1m[34mSELECT "authors".* FROM "authors" WHERE "authors"."id" = ? ORDER BY "authors"."id" ASC LIMIT ?[0m  [["id", 1], ["LIMIT", 1]]
Redirected to http://localhost:3000/
Filter chain halted as :require_no_authentication rendered or redirected
Completed 302 Found in 6ms (ActiveRecord: 0.5ms | Allocations: 1512)


Started GET "/" for ::1 at 2022-10-03 16:07:27 +0100
Processing by HomeController#index as HTML
  Rendering layout layouts/application.html.erb
  Rendering home/index.html.erb within layouts/application
  Rendered home/index.html.erb within layouts/application (Duration: 1.0ms | Allocations: 105)
[Webpacker] Everything's up-to-date. Nothing to do
  Rendered layout layouts/application.html.erb (Duration: 6.7ms | Allocations: 3815)
Completed 200 OK in 9ms (Views: 8.4ms | ActiveRecord: 0.0ms | Allocations: 4823)


Started GET "/authors/new" for ::1 at 2022-10-03 16:07:34 +0100
  
ActionController::RoutingError (No route matches [GET] "/authors/new"):
  
Started GET "/authors/" for ::1 at 2022-10-03 16:07:45 +0100
  
ActionController::RoutingError (No route matches [GET] "/authors"):
  
Started GET "/" for ::1 at 2022-10-03 16:07:47 +0100
Processing by HomeController#index as HTML
  Rendering layout layouts/application.html.erb
  Rendering home/index.html.erb within layouts/application
  Rendered home/index.html.erb within layouts/application (Duration: 0.1ms | Allocations: 36)
[Webpacker] Everything's up-to-date. Nothing to do
  Rendered layout layouts/application.html.erb (Duration: 9.8ms | Allocations: 3753)
Completed 200 OK in 11ms (Views: 10.4ms | ActiveRecord: 0.0ms | Allocations: 4135)


Started GET "/posts/new" for ::1 at 2022-10-03 16:07:53 +0100
Processing by Authors::PostsController#new as HTML
  [1m[36mAuthor Load (0.5ms)[0m  [1m[34mSELECT "authors".* FROM "authors" WHERE "authors"."id" = ? ORDER BY "authors"."id" ASC LIMIT ?[0m  [["id", 1], ["LIMIT", 1]]
  Rendering layout layouts/authors.html.erb
  Rendering authors/posts/new.html.erb within layouts/authors
  Rendered authors/posts/_form.html.erb (Duration: 3.3ms | Allocations: 1094)
  Rendered authors/posts/new.html.erb within layouts/authors (Duration: 3.7ms | Allocations: 1211)
[Webpacker] Everything's up-to-date. Nothing to do
  Rendered layout layouts/authors.html.erb (Duration: 8.6ms | Allocations: 4915)
Completed 200 OK in 18ms (Views: 9.5ms | ActiveRecord: 0.5ms | Allocations: 6376)


Started POST "/posts" for ::1 at 2022-10-03 16:08:03 +0100
Processing by Authors::PostsController#create as HTML
  Parameters: {"authenticity_token"=>"[FILTERED]", "post"=>{"title"=>"this is number 1", "description"=>"test 1", "author_id"=>"test123"}, "commit"=>"Create Post"}
  [1m[36mAuthor Load (0.5ms)[0m  [1m[34mSELECT "authors".* FROM "authors" WHERE "authors"."id" = ? ORDER BY "authors"."id" ASC LIMIT ?[0m  [["id", 1], ["LIMIT", 1]]
  [1m[36mTRANSACTION (0.1ms)[0m  [1m[36mbegin transaction[0m
  ↳ app/controllers/authors/posts_controller.rb:29:in `block in create'
  [1m[36mAuthor Load (0.1ms)[0m  [1m[34mSELECT "authors".* FROM "authors" WHERE "authors"."id" = ? LIMIT ?[0m  [["id", 0], ["LIMIT", 1]]
  ↳ app/controllers/authors/posts_controller.rb:29:in `block in create'
  [1m[36mTRANSACTION (0.0ms)[0m  [1m[31mrollback transaction[0m
  ↳ app/controllers/authors/posts_controller.rb:29:in `block in create'
  Rendering layout layouts/authors.html.erb
  Rendering authors/posts/new.html.erb within layouts/authors
  Rendered authors/posts/_form.html.erb (Duration: 2.3ms | Allocations: 1552)
  Rendered authors/posts/new.html.erb within layouts/authors (Duration: 2.7ms | Allocations: 1668)
[Webpacker] Everything's up-to-date. Nothing to do
  Rendered layout layouts/authors.html.erb (Duration: 8.9ms | Allocations: 5306)
Completed 422 Unprocessable Entity in 23ms (Views: 9.4ms | ActiveRecord: 0.7ms | Allocations: 9663)


Started GET "/posts" for ::1 at 2022-10-03 16:11:02 +0100
Processing by Authors::PostsController#index as HTML
  [1m[35m (0.0ms)[0m  [1m[34mSELECT sqlite_version(*)[0m
  [1m[36mAuthor Load (0.1ms)[0m  [1m[34mSELECT "authors".* FROM "authors" WHERE "authors"."id" = ? ORDER BY "authors"."id" ASC LIMIT ?[0m  [["id", 1], ["LIMIT", 1]]
  Rendering layout layouts/authors.html.erb
  Rendering authors/posts/index.html.erb within layouts/authors
  [1m[36mPost Load (0.1ms)[0m  [1m[34mSELECT "posts".* FROM "posts" WHERE "posts"."author_id" = ?[0m  [["author_id", 1]]
  ↳ app/views/authors/posts/index.html.erb:18
  Rendered authors/posts/index.html.erb within layouts/authors (Duration: 1.7ms | Allocations: 1487)
[Webpacker] Everything's up-to-date. Nothing to do
  Rendered layout layouts/authors.html.erb (Duration: 7.1ms | Allocations: 5119)
Completed 200 OK in 19ms (Views: 7.3ms | ActiveRecord: 0.7ms | Allocations: 14571)


Started GET "/posts/new" for ::1 at 2022-10-03 16:11:03 +0100
Processing by Authors::PostsController#new as HTML
  [1m[36mAuthor Load (0.4ms)[0m  [1m[34mSELECT "authors".* FROM "authors" WHERE "authors"."id" = ? ORDER BY "authors"."id" ASC LIMIT ?[0m  [["id", 1], ["LIMIT", 1]]
  Rendering layout layouts/authors.html.erb
  Rendering authors/posts/new.html.erb within layouts/authors
  Rendered authors/posts/_form.html.erb (Duration: 2.1ms | Allocations: 1154)
  Rendered authors/posts/new.html.erb within layouts/authors (Duration: 2.6ms | Allocations: 1290)
[Webpacker] Everything's up-to-date. Nothing to do
  Rendered layout layouts/authors.html.erb (Duration: 8.9ms | Allocations: 5060)
Completed 200 OK in 25ms (Views: 9.7ms | ActiveRecord: 1.3ms | Allocations: 10600)


Started POST "/posts" for ::1 at 2022-10-03 16:11:14 +0100
Processing by Authors::PostsController#create as HTML
  Parameters: {"authenticity_token"=>"[FILTERED]", "post"=>{"title"=>"this is number 1", "description"=>"test", "author_id"=>"1"}, "commit"=>"Create Post"}
  [1m[36mAuthor Load (0.6ms)[0m  [1m[34mSELECT "authors".* FROM "authors" WHERE "authors"."id" = ? ORDER BY "authors"."id" ASC LIMIT ?[0m  [["id", 1], ["LIMIT", 1]]
[31mUnpermitted parameter: :author_id[0m
  [1m[36mTRANSACTION (0.1ms)[0m  [1m[36mbegin transaction[0m
  ↳ app/controllers/authors/posts_controller.rb:29:in `block in create'
  [1m[36mPost Create (1.3ms)[0m  [1m[32mINSERT INTO "posts" ("title", "description", "author_id", "created_at", "updated_at") VALUES (?, ?, ?, ?, ?)[0m  [["title", "this is number 1"], ["description", "test"], ["author_id", 1], ["created_at", "2022-10-03 15:11:14.850332"], ["updated_at", "2022-10-03 15:11:14.850332"]]
  ↳ app/controllers/authors/posts_controller.rb:29:in `block in create'
  [1m[36mTRANSACTION (1.1ms)[0m  [1m[36mcommit transaction[0m
  ↳ app/controllers/authors/posts_controller.rb:29:in `block in create'
Redirected to http://localhost:3000/posts/1
Completed 302 Found in 18ms (ActiveRecord: 3.0ms | Allocations: 3794)


Started GET "/posts/1" for ::1 at 2022-10-03 16:11:14 +0100
Processing by Authors::PostsController#show as HTML
  Parameters: {"id"=>"1"}
  [1m[36mAuthor Load (0.1ms)[0m  [1m[34mSELECT "authors".* FROM "authors" WHERE "authors"."id" = ? ORDER BY "authors"."id" ASC LIMIT ?[0m  [["id", 1], ["LIMIT", 1]]
  [1m[36mPost Load (0.2ms)[0m  [1m[34mSELECT "posts".* FROM "posts" WHERE "posts"."author_id" = ? AND "posts"."id" = ? LIMIT ?[0m  [["author_id", 1], ["id", 1], ["LIMIT", 1]]
  ↳ app/controllers/authors/posts_controller.rb:65:in `set_post'
  Rendering layout layouts/authors.html.erb
  Rendering authors/posts/show.html.erb within layouts/authors
  Rendered authors/posts/show.html.erb within layouts/authors (Duration: 9.8ms | Allocations: 3722)
  Rendered layout layouts/authors.html.erb (Duration: 9.9ms | Allocations: 3786)
Completed 500 Internal Server Error in 14ms (ActiveRecord: 0.3ms | Allocations: 6240)


  
ActionView::Template::Error (undefined method `punlished' for #<Post:0x000000010614dc30>
Did you mean?  published
               published?
               published=):
    12: 
    13: <p>
    14:   <strong>Punlished:</strong>
    15:   <%= @post.punlished %>
    16: </p>
    17: 
    18: <p>
  
app/views/authors/posts/show.html.erb:15
Started GET "/posts/1" for ::1 at 2022-10-03 16:12:10 +0100
Processing by Authors::PostsController#show as HTML
  Parameters: {"id"=>"1"}
  [1m[36mAuthor Load (0.4ms)[0m  [1m[34mSELECT "authors".* FROM "authors" WHERE "authors"."id" = ? ORDER BY "authors"."id" ASC LIMIT ?[0m  [["id", 1], ["LIMIT", 1]]
  [1m[36mPost Load (0.2ms)[0m  [1m[34mSELECT "posts".* FROM "posts" WHERE "posts"."author_id" = ? AND "posts"."id" = ? LIMIT ?[0m  [["author_id", 1], ["id", 1], ["LIMIT", 1]]
  ↳ app/controllers/authors/posts_controller.rb:65:in `set_post'
  Rendering layout layouts/authors.html.erb
  Rendering authors/posts/show.html.erb within layouts/authors
  Rendered authors/posts/show.html.erb within layouts/authors (Duration: 1.2ms | Allocations: 349)
[Webpacker] Everything's up-to-date. Nothing to do
  Rendered layout layouts/authors.html.erb (Duration: 8.2ms | Allocations: 4261)
Completed 200 OK in 18ms (Views: 9.7ms | ActiveRecord: 0.6ms | Allocations: 7002)


Started GET "/posts" for ::1 at 2022-10-03 16:12:41 +0100
Processing by Authors::PostsController#index as HTML
  [1m[36mAuthor Load (0.4ms)[0m  [1m[34mSELECT "authors".* FROM "authors" WHERE "authors"."id" = ? ORDER BY "authors"."id" ASC LIMIT ?[0m  [["id", 1], ["LIMIT", 1]]
  Rendering layout layouts/authors.html.erb
  Rendering authors/posts/index.html.erb within layouts/authors
  [1m[36mPost Load (0.1ms)[0m  [1m[34mSELECT "posts".* FROM "posts" WHERE "posts"."author_id" = ?[0m  [["author_id", 1]]
  ↳ app/views/authors/posts/index.html.erb:18
  Rendered authors/posts/index.html.erb within layouts/authors (Duration: 11.9ms | Allocations: 4449)
  Rendered layout layouts/authors.html.erb (Duration: 12.1ms | Allocations: 4513)
Completed 500 Internal Server Error in 24ms (ActiveRecord: 0.5ms | Allocations: 6525)


  
ActionView::Template::Error (undefined method `punlished' for #<Post:0x0000000119495010>
Did you mean?  published
               published?
               published=):
    19:       <tr>
    20:         <td><%= post.title %></td>
    21:         <td><%= post.description %></td>
    22:         <td><%= post.punlished %></td>
    23:         <td><%= post.published_at %></td>
    24:         <td><%= post.author_id %></td>
    25:         <td><%= link_to 'Show', post %></td>
  
app/views/authors/posts/index.html.erb:22
app/views/authors/posts/index.html.erb:18
Started GET "/posts" for ::1 at 2022-10-03 16:12:57 +0100
Processing by Authors::PostsController#index as HTML
  [1m[36mAuthor Load (0.2ms)[0m  [1m[34mSELECT "authors".* FROM "authors" WHERE "authors"."id" = ? ORDER BY "authors"."id" ASC LIMIT ?[0m  [["id", 1], ["LIMIT", 1]]
  Rendering layout layouts/authors.html.erb
  Rendering authors/posts/index.html.erb within layouts/authors
  [1m[36mPost Load (0.1ms)[0m  [1m[34mSELECT "posts".* FROM "posts" WHERE "posts"."author_id" = ?[0m  [["author_id", 1]]
  ↳ app/views/authors/posts/index.html.erb:18
  Rendered authors/posts/index.html.erb within layouts/authors (Duration: 2.8ms | Allocations: 1250)
[Webpacker] Everything's up-to-date. Nothing to do
  Rendered layout layouts/authors.html.erb (Duration: 8.4ms | Allocations: 5160)
Completed 200 OK in 16ms (Views: 9.3ms | ActiveRecord: 0.3ms | Allocations: 7094)


Started DELETE "/posts/1" for ::1 at 2022-10-03 16:13:02 +0100
Processing by Authors::PostsController#destroy as HTML
  Parameters: {"authenticity_token"=>"[FILTERED]", "id"=>"1"}
  [1m[36mAuthor Load (0.2ms)[0m  [1m[34mSELECT "authors".* FROM "authors" WHERE "authors"."id" = ? ORDER BY "authors"."id" ASC LIMIT ?[0m  [["id", 1], ["LIMIT", 1]]
  [1m[36mPost Load (0.1ms)[0m  [1m[34mSELECT "posts".* FROM "posts" WHERE "posts"."author_id" = ? AND "posts"."id" = ? LIMIT ?[0m  [["author_id", 1], ["id", 1], ["LIMIT", 1]]
  ↳ app/controllers/authors/posts_controller.rb:65:in `set_post'
  [1m[36mTRANSACTION (0.1ms)[0m  [1m[36mbegin transaction[0m
  ↳ app/controllers/authors/posts_controller.rb:54:in `destroy'
  [1m[36mPost Destroy (0.7ms)[0m  [1m[31mDELETE FROM "posts" WHERE "posts"."id" = ?[0m  [["id", 1]]
  ↳ app/controllers/authors/posts_controller.rb:54:in `destroy'
  [1m[36mTRANSACTION (1.4ms)[0m  [1m[36mcommit transaction[0m
  ↳ app/controllers/authors/posts_controller.rb:54:in `destroy'
Redirected to http://localhost:3000/posts
Completed 302 Found in 16ms (ActiveRecord: 2.5ms | Allocations: 4007)


Started GET "/posts" for ::1 at 2022-10-03 16:13:02 +0100
Processing by Authors::PostsController#index as HTML
  [1m[36mAuthor Load (0.2ms)[0m  [1m[34mSELECT "authors".* FROM "authors" WHERE "authors"."id" = ? ORDER BY "authors"."id" ASC LIMIT ?[0m  [["id", 1], ["LIMIT", 1]]
  Rendering layout layouts/authors.html.erb
  Rendering authors/posts/index.html.erb within layouts/authors
  [1m[36mPost Load (0.1ms)[0m  [1m[34mSELECT "posts".* FROM "posts" WHERE "posts"."author_id" = ?[0m  [["author_id", 1]]
  ↳ app/views/authors/posts/index.html.erb:18
  Rendered authors/posts/index.html.erb within layouts/authors (Duration: 1.7ms | Allocations: 815)
[Webpacker] Everything's up-to-date. Nothing to do
  Rendered layout layouts/authors.html.erb (Duration: 7.1ms | Allocations: 4508)
Completed 200 OK in 12ms (Views: 7.4ms | ActiveRecord: 0.3ms | Allocations: 6003)


Started GET "/posts/new" for ::1 at 2022-10-03 16:13:04 +0100
Processing by Authors::PostsController#new as HTML
  [1m[36mAuthor Load (0.2ms)[0m  [1m[34mSELECT "authors".* FROM "authors" WHERE "authors"."id" = ? ORDER BY "authors"."id" ASC LIMIT ?[0m  [["id", 1], ["LIMIT", 1]]
  Rendering layout layouts/authors.html.erb
  Rendering authors/posts/new.html.erb within layouts/authors
  Rendered authors/posts/_form.html.erb (Duration: 2.6ms | Allocations: 1159)
  Rendered authors/posts/new.html.erb within layouts/authors (Duration: 3.8ms | Allocations: 1507)
[Webpacker] Everything's up-to-date. Nothing to do
  Rendered layout layouts/authors.html.erb (Duration: 10.8ms | Allocations: 5852)
Completed 200 OK in 16ms (Views: 11.3ms | ActiveRecord: 0.2ms | Allocations: 7616)


Started POST "/posts" for ::1 at 2022-10-03 16:13:08 +0100
Processing by Authors::PostsController#create as HTML
  Parameters: {"authenticity_token"=>"[FILTERED]", "post"=>{"title"=>"this is number 1", "description"=>"hehe"}, "commit"=>"Create Post"}
  [1m[36mAuthor Load (0.4ms)[0m  [1m[34mSELECT "authors".* FROM "authors" WHERE "authors"."id" = ? ORDER BY "authors"."id" ASC LIMIT ?[0m  [["id", 1], ["LIMIT", 1]]
  [1m[36mTRANSACTION (0.1ms)[0m  [1m[36mbegin transaction[0m
  ↳ app/controllers/authors/posts_controller.rb:29:in `block in create'
  [1m[36mPost Create (0.8ms)[0m  [1m[32mINSERT INTO "posts" ("title", "description", "author_id", "created_at", "updated_at") VALUES (?, ?, ?, ?, ?)[0m  [["title", "this is number 1"], ["description", "hehe"], ["author_id", 1], ["created_at", "2022-10-03 15:13:08.905603"], ["updated_at", "2022-10-03 15:13:08.905603"]]
  ↳ app/controllers/authors/posts_controller.rb:29:in `block in create'
  [1m[36mTRANSACTION (1.6ms)[0m  [1m[36mcommit transaction[0m
  ↳ app/controllers/authors/posts_controller.rb:29:in `block in create'
Redirected to http://localhost:3000/posts/1
Completed 302 Found in 16ms (ActiveRecord: 2.8ms | Allocations: 3714)


Started GET "/posts/1" for ::1 at 2022-10-03 16:13:08 +0100
Processing by Authors::PostsController#show as HTML
  Parameters: {"id"=>"1"}
  [1m[36mAuthor Load (0.2ms)[0m  [1m[34mSELECT "authors".* FROM "authors" WHERE "authors"."id" = ? ORDER BY "authors"."id" ASC LIMIT ?[0m  [["id", 1], ["LIMIT", 1]]
  [1m[36mPost Load (0.1ms)[0m  [1m[34mSELECT "posts".* FROM "posts" WHERE "posts"."author_id" = ? AND "posts"."id" = ? LIMIT ?[0m  [["author_id", 1], ["id", 1], ["LIMIT", 1]]
  ↳ app/controllers/authors/posts_controller.rb:65:in `set_post'
  Rendering layout layouts/authors.html.erb
  Rendering authors/posts/show.html.erb within layouts/authors
  Rendered authors/posts/show.html.erb within layouts/authors (Duration: 0.8ms | Allocations: 347)
[Webpacker] Everything's up-to-date. Nothing to do
  Rendered layout layouts/authors.html.erb (Duration: 6.7ms | Allocations: 4058)
Completed 200 OK in 13ms (Views: 7.1ms | ActiveRecord: 0.3ms | Allocations: 6481)


Started GET "/posts/1" for ::1 at 2022-10-03 16:13:31 +0100
Processing by Authors::PostsController#show as HTML
  Parameters: {"id"=>"1"}
  [1m[36mAuthor Load (0.3ms)[0m  [1m[34mSELECT "authors".* FROM "authors" WHERE "authors"."id" = ? ORDER BY "authors"."id" ASC LIMIT ?[0m  [["id", 1], ["LIMIT", 1]]
  [1m[36mPost Load (0.2ms)[0m  [1m[34mSELECT "posts".* FROM "posts" WHERE "posts"."author_id" = ? AND "posts"."id" = ? LIMIT ?[0m  [["author_id", 1], ["id", 1], ["LIMIT", 1]]
  ↳ app/controllers/authors/posts_controller.rb:65:in `set_post'
  Rendering layout layouts/authors.html.erb
  Rendering authors/posts/show.html.erb within layouts/authors
  Rendered authors/posts/show.html.erb within layouts/authors (Duration: 2.1ms | Allocations: 344)
[Webpacker] Everything's up-to-date. Nothing to do
  Rendered layout layouts/authors.html.erb (Duration: 9.0ms | Allocations: 4240)
Completed 200 OK in 23ms (Views: 12.2ms | ActiveRecord: 0.5ms | Allocations: 6973)


Started GET "/posts/1" for ::1 at 2022-10-03 16:21:52 +0100
Processing by Authors::PostsController#show as HTML
  Parameters: {"id"=>"1"}
  [1m[35m (0.1ms)[0m  [1m[34mSELECT sqlite_version(*)[0m
  [1m[36mAuthor Load (0.3ms)[0m  [1m[34mSELECT "authors".* FROM "authors" WHERE "authors"."id" = ? ORDER BY "authors"."id" ASC LIMIT ?[0m  [["id", 1], ["LIMIT", 1]]
  [1m[36mPost Load (0.3ms)[0m  [1m[34mSELECT "posts".* FROM "posts" WHERE "posts"."author_id" = ? AND "posts"."id" = ? LIMIT ?[0m  [["author_id", 1], ["id", 1], ["LIMIT", 1]]
  ↳ app/controllers/authors/posts_controller.rb:65:in `set_post'
  Rendering layout layouts/authors.html.erb
  Rendering authors/posts/show.html.erb within layouts/authors
  Rendered authors/posts/show.html.erb within layouts/authors (Duration: 2.4ms | Allocations: 344)
[Webpacker] Everything's up-to-date. Nothing to do
  Rendered layout layouts/authors.html.erb (Duration: 11.0ms | Allocations: 4263)
Completed 200 OK in 49ms (Views: 14.9ms | ActiveRecord: 1.5ms | Allocations: 8058)


Started GET "/posts" for ::1 at 2022-10-03 16:21:55 +0100
Processing by Authors::PostsController#index as HTML
  [1m[36mAuthor Load (0.3ms)[0m  [1m[34mSELECT "authors".* FROM "authors" WHERE "authors"."id" = ? ORDER BY "authors"."id" ASC LIMIT ?[0m  [["id", 1], ["LIMIT", 1]]
  Rendering layout layouts/authors.html.erb
  Rendering authors/posts/index.html.erb within layouts/authors
  [1m[36mPost Load (0.3ms)[0m  [1m[34mSELECT "posts".* FROM "posts" WHERE "posts"."author_id" = ?[0m  [["author_id", 1]]
  ↳ app/views/authors/posts/index.html.erb:22
  Rendered authors/posts/index.html.erb within layouts/authors (Duration: 5.3ms | Allocations: 1325)
[Webpacker] Everything's up-to-date. Nothing to do
  Rendered layout layouts/authors.html.erb (Duration: 11.8ms | Allocations: 5032)
Completed 200 OK in 18ms (Views: 12.0ms | ActiveRecord: 0.6ms | Allocations: 6648)


Started GET "/posts" for ::1 at 2022-10-03 16:22:38 +0100
Processing by Authors::PostsController#index as HTML
  [1m[36mAuthor Load (0.4ms)[0m  [1m[34mSELECT "authors".* FROM "authors" WHERE "authors"."id" = ? ORDER BY "authors"."id" ASC LIMIT ?[0m  [["id", 1], ["LIMIT", 1]]
  Rendering layout layouts/authors.html.erb
  Rendering authors/posts/index.html.erb within layouts/authors
  [1m[36mPost Load (0.2ms)[0m  [1m[34mSELECT "posts".* FROM "posts" WHERE "posts"."author_id" = ?[0m  [["author_id", 1]]
  ↳ app/views/authors/posts/index.html.erb:21
  Rendered authors/posts/index.html.erb within layouts/authors (Duration: 4.4ms | Allocations: 1285)
[Webpacker] Everything's up-to-date. Nothing to do
  Rendered layout layouts/authors.html.erb (Duration: 13.2ms | Allocations: 5197)
Completed 200 OK in 25ms (Views: 15.6ms | ActiveRecord: 0.6ms | Allocations: 7130)


Started GET "/posts/new" for ::1 at 2022-10-03 16:22:40 +0100
Processing by Authors::PostsController#new as HTML
  [1m[36mAuthor Load (0.1ms)[0m  [1m[34mSELECT "authors".* FROM "authors" WHERE "authors"."id" = ? ORDER BY "authors"."id" ASC LIMIT ?[0m  [["id", 1], ["LIMIT", 1]]
  Rendering layout layouts/authors.html.erb
  Rendering authors/posts/new.html.erb within layouts/authors
  Rendered authors/posts/_form.html.erb (Duration: 3.9ms | Allocations: 1188)
  Rendered authors/posts/new.html.erb within layouts/authors (Duration: 5.4ms | Allocations: 1547)
[Webpacker] Everything's up-to-date. Nothing to do
  Rendered layout layouts/authors.html.erb (Duration: 14.0ms | Allocations: 5374)
Completed 200 OK in 19ms (Views: 14.6ms | ActiveRecord: 0.1ms | Allocations: 7166)


Started GET "/posts" for ::1 at 2022-10-03 16:25:17 +0100
Processing by Authors::PostsController#index as HTML
  [1m[36mAuthor Load (0.3ms)[0m  [1m[34mSELECT "authors".* FROM "authors" WHERE "authors"."id" = ? ORDER BY "authors"."id" ASC LIMIT ?[0m  [["id", 1], ["LIMIT", 1]]
  Rendering layout layouts/authors.html.erb
  Rendering authors/posts/index.html.erb within layouts/authors
  [1m[36mPost Load (0.1ms)[0m  [1m[34mSELECT "posts".* FROM "posts" WHERE "posts"."author_id" = ?[0m  [["author_id", 1]]
  ↳ app/views/authors/posts/index.html.erb:21
  Rendered authors/posts/index.html.erb within layouts/authors (Duration: 3.0ms | Allocations: 1286)
[Webpacker] Everything's up-to-date. Nothing to do
  Rendered layout layouts/authors.html.erb (Duration: 8.7ms | Allocations: 5212)
Completed 200 OK in 20ms (Views: 10.8ms | ActiveRecord: 0.4ms | Allocations: 7146)


Started GET "/posts" for ::1 at 2022-10-03 16:43:48 +0100
Processing by Authors::PostsController#index as HTML
  [1m[35m (0.1ms)[0m  [1m[34mSELECT sqlite_version(*)[0m
  [1m[36mAuthor Load (0.1ms)[0m  [1m[34mSELECT "authors".* FROM "authors" WHERE "authors"."id" = ? ORDER BY "authors"."id" ASC LIMIT ?[0m  [["id", 1], ["LIMIT", 1]]
  Rendering layout layouts/authors.html.erb
  Rendering authors/posts/index.html.erb within layouts/authors
  Rendered authors/posts/index.html.erb within layouts/authors (Duration: 0.8ms | Allocations: 1203)
  Rendered layout layouts/authors.html.erb (Duration: 0.9ms | Allocations: 1268)
Completed 500 Internal Server Error in 7ms (ActiveRecord: 0.5ms | Allocations: 4200)


  
ActionView::SyntaxErrorInTemplate (Encountered a syntax error while rendering template: check 
<h4 class='d-flex justify-content-between mb-4'>
  <span> Posts </span>
  <%= link_to 'New Post', new_post_path, class: 'btn btn-primary' %>
</h4>

<% @posts.each do |post| %>
  <% link_to post do %>
    <div class='card'>
      <div class='card-body'>
        <h5 class='card-title'><%= post.title %></h5>
        <p><%= post.description %></p>
      </div>
    </div>
<% end %>
 


):
1:    
2:    <h4 class='d-flex justify-content-between mb-4'>
3:      <span> Posts </span>
4:      <%= link_to 'New Post', new_post_path, class: 'btn btn-primary' %>
5:    </h4>
6:    
7:    <% @posts.each do |post| %>
8:      <% link_to post do %>
9:        <div class='card'>
10:          <div class='card-body'>
11:            <h5 class='card-title'><%= post.title %></h5>
12:            <p><%= post.description %></p>
13:          </div>
14:        </div>
15:    <% end %>
16:     
  
app/views/authors/posts/index.html.erb:20: syntax error, unexpected end-of-input, expecting `end'
app/views/authors/posts/index.html.erb:20: syntax error, unexpected end-of-input, expecting `end'
app/views/authors/posts/index.html.erb:20: syntax error, unexpected end-of-input, expecting `end'
app/views/authors/posts/index.html.erb:20: syntax error, unexpected end-of-input, expecting `end'
app/views/authors/posts/index.html.erb:20: syntax error, unexpected end-of-input, expecting `end'
app/views/authors/posts/index.html.erb:20: syntax error, unexpected end-of-input, expecting `end'
Started GET "/posts" for ::1 at 2022-10-03 16:47:15 +0100
Processing by Authors::PostsController#index as HTML
  [1m[36mAuthor Load (0.3ms)[0m  [1m[34mSELECT "authors".* FROM "authors" WHERE "authors"."id" = ? ORDER BY "authors"."id" ASC LIMIT ?[0m  [["id", 1], ["LIMIT", 1]]
  Rendering layout layouts/authors.html.erb
  Rendering authors/posts/index.html.erb within layouts/authors
  [1m[36mPost Load (0.3ms)[0m  [1m[34mSELECT "posts".* FROM "posts" WHERE "posts"."author_id" = ?[0m  [["author_id", 1]]
  ↳ app/views/authors/posts/index.html.erb:7
  Rendered authors/posts/index.html.erb within layouts/authors (Duration: 4.1ms | Allocations: 1122)
[Webpacker] Everything's up-to-date. Nothing to do
  Rendered layout layouts/authors.html.erb (Duration: 12.0ms | Allocations: 5047)
Completed 200 OK in 21ms (Views: 14.4ms | ActiveRecord: 0.6ms | Allocations: 6981)


Started GET "/posts" for ::1 at 2022-10-03 16:47:39 +0100
Processing by Authors::PostsController#index as HTML
  [1m[36mAuthor Load (0.4ms)[0m  [1m[34mSELECT "authors".* FROM "authors" WHERE "authors"."id" = ? ORDER BY "authors"."id" ASC LIMIT ?[0m  [["id", 1], ["LIMIT", 1]]
  Rendering layout layouts/authors.html.erb
  Rendering authors/posts/index.html.erb within layouts/authors
  [1m[36mPost Load (0.2ms)[0m  [1m[34mSELECT "posts".* FROM "posts" WHERE "posts"."author_id" = ?[0m  [["author_id", 1]]
  ↳ app/views/authors/posts/index.html.erb:7
  Rendered authors/posts/index.html.erb within layouts/authors (Duration: 4.6ms | Allocations: 1089)
[Webpacker] Everything's up-to-date. Nothing to do
  Rendered layout layouts/authors.html.erb (Duration: 13.3ms | Allocations: 5014)
Completed 200 OK in 24ms (Views: 15.7ms | ActiveRecord: 0.6ms | Allocations: 6950)


Started GET "/posts/1" for ::1 at 2022-10-03 16:47:41 +0100
Processing by Authors::PostsController#show as HTML
  Parameters: {"id"=>"1"}
  [1m[36mAuthor Load (0.3ms)[0m  [1m[34mSELECT "authors".* FROM "authors" WHERE "authors"."id" = ? ORDER BY "authors"."id" ASC LIMIT ?[0m  [["id", 1], ["LIMIT", 1]]
  [1m[36mPost Load (0.4ms)[0m  [1m[34mSELECT "posts".* FROM "posts" WHERE "posts"."author_id" = ? AND "posts"."id" = ? LIMIT ?[0m  [["author_id", 1], ["id", 1], ["LIMIT", 1]]
  ↳ app/controllers/authors/posts_controller.rb:65:in `set_post'
  Rendering layout layouts/authors.html.erb
  Rendering authors/posts/show.html.erb within layouts/authors
  Rendered authors/posts/show.html.erb within layouts/authors (Duration: 1.6ms | Allocations: 347)
[Webpacker] Everything's up-to-date. Nothing to do
  Rendered layout layouts/authors.html.erb (Duration: 9.6ms | Allocations: 4043)
Completed 200 OK in 27ms (Views: 11.6ms | ActiveRecord: 0.7ms | Allocations: 7152)


Started GET "/posts/1" for ::1 at 2022-10-03 16:53:21 +0100
Processing by Authors::PostsController#show as HTML
  Parameters: {"id"=>"1"}
  [1m[36mAuthor Load (0.4ms)[0m  [1m[34mSELECT "authors".* FROM "authors" WHERE "authors"."id" = ? ORDER BY "authors"."id" ASC LIMIT ?[0m  [["id", 1], ["LIMIT", 1]]
  [1m[36mPost Load (0.2ms)[0m  [1m[34mSELECT "posts".* FROM "posts" WHERE "posts"."author_id" = ? AND "posts"."id" = ? LIMIT ?[0m  [["author_id", 1], ["id", 1], ["LIMIT", 1]]
  ↳ app/controllers/authors/posts_controller.rb:65:in `set_post'
  Rendering layout layouts/authors.html.erb
  Rendering authors/posts/show.html.erb within layouts/authors
  Rendered authors/posts/show.html.erb within layouts/authors (Duration: 0.8ms | Allocations: 123)
[Webpacker] Everything's up-to-date. Nothing to do
  Rendered layout layouts/authors.html.erb (Duration: 11.0ms | Allocations: 3909)
Completed 200 OK in 23ms (Views: 11.9ms | ActiveRecord: 0.6ms | Allocations: 6214)


Started GET "/posts/new" for ::1 at 2022-10-03 16:53:35 +0100
Processing by Authors::PostsController#new as HTML
  [1m[36mAuthor Load (0.3ms)[0m  [1m[34mSELECT "authors".* FROM "authors" WHERE "authors"."id" = ? ORDER BY "authors"."id" ASC LIMIT ?[0m  [["id", 1], ["LIMIT", 1]]
  Rendering layout layouts/authors.html.erb
  Rendering authors/posts/new.html.erb within layouts/authors
  Rendered authors/posts/_form.html.erb (Duration: 3.9ms | Allocations: 1256)
  Rendered authors/posts/new.html.erb within layouts/authors (Duration: 5.7ms | Allocations: 1607)
[Webpacker] Everything's up-to-date. Nothing to do
  Rendered layout layouts/authors.html.erb (Duration: 12.3ms | Allocations: 5311)
Completed 200 OK in 22ms (Views: 13.1ms | ActiveRecord: 0.3ms | Allocations: 7133)


Started GET "/posts" for ::1 at 2022-10-03 16:55:43 +0100
Processing by Authors::PostsController#index as HTML
  [1m[36mAuthor Load (0.3ms)[0m  [1m[34mSELECT "authors".* FROM "authors" WHERE "authors"."id" = ? ORDER BY "authors"."id" ASC LIMIT ?[0m  [["id", 1], ["LIMIT", 1]]
  Rendering layout layouts/authors.html.erb
  Rendering authors/posts/index.html.erb within layouts/authors
  [1m[36mPost Load (0.2ms)[0m  [1m[34mSELECT "posts".* FROM "posts" WHERE "posts"."author_id" = ?[0m  [["author_id", 1]]
  ↳ app/views/authors/posts/index.html.erb:7
  Rendered authors/posts/index.html.erb within layouts/authors (Duration: 3.4ms | Allocations: 1106)
[Webpacker] Everything's up-to-date. Nothing to do
  Rendered layout layouts/authors.html.erb (Duration: 9.1ms | Allocations: 5017)
Completed 200 OK in 18ms (Views: 10.1ms | ActiveRecord: 0.5ms | Allocations: 6950)


Started GET "/posts/1" for ::1 at 2022-10-03 16:56:04 +0100
Processing by Authors::PostsController#show as HTML
  Parameters: {"id"=>"1"}
  [1m[36mAuthor Load (0.2ms)[0m  [1m[34mSELECT "authors".* FROM "authors" WHERE "authors"."id" = ? ORDER BY "authors"."id" ASC LIMIT ?[0m  [["id", 1], ["LIMIT", 1]]
  [1m[36mPost Load (0.2ms)[0m  [1m[34mSELECT "posts".* FROM "posts" WHERE "posts"."author_id" = ? AND "posts"."id" = ? LIMIT ?[0m  [["author_id", 1], ["id", 1], ["LIMIT", 1]]
  ↳ app/controllers/authors/posts_controller.rb:65:in `set_post'
  Rendering layout layouts/authors.html.erb
  Rendering authors/posts/show.html.erb within layouts/authors
  Rendered authors/posts/show.html.erb within layouts/authors (Duration: 2.0ms | Allocations: 344)
[Webpacker] Everything's up-to-date. Nothing to do
  Rendered layout layouts/authors.html.erb (Duration: 10.2ms | Allocations: 4054)
Completed 200 OK in 21ms (Views: 11.6ms | ActiveRecord: 0.3ms | Allocations: 6605)


Started GET "/posts/new" for ::1 at 2022-10-03 16:57:00 +0100
Processing by Authors::PostsController#new as HTML
  [1m[36mAuthor Load (0.5ms)[0m  [1m[34mSELECT "authors".* FROM "authors" WHERE "authors"."id" = ? ORDER BY "authors"."id" ASC LIMIT ?[0m  [["id", 1], ["LIMIT", 1]]
  Rendering layout layouts/authors.html.erb
  Rendering authors/posts/new.html.erb within layouts/authors
  Rendered authors/posts/_form.html.erb (Duration: 4.4ms | Allocations: 1159)
  Rendered authors/posts/new.html.erb within layouts/authors (Duration: 5.9ms | Allocations: 1513)
[Webpacker] Everything's up-to-date. Nothing to do
  Rendered layout layouts/authors.html.erb (Duration: 13.6ms | Allocations: 5520)
Completed 200 OK in 25ms (Views: 15.7ms | ActiveRecord: 0.5ms | Allocations: 7639)


Started GET "/posts" for ::1 at 2022-10-06 09:18:41 +0100
  [1m[35m (0.2ms)[0m  [1m[34mSELECT sqlite_version(*)[0m
  [1m[35m (0.0ms)[0m  [1m[34mSELECT "schema_migrations"."version" FROM "schema_migrations" ORDER BY "schema_migrations"."version" ASC[0m
Processing by Authors::PostsController#index as HTML
  [1m[36mAuthor Load (0.3ms)[0m  [1m[34mSELECT "authors".* FROM "authors" WHERE "authors"."id" = ? ORDER BY "authors"."id" ASC LIMIT ?[0m  [["id", 1], ["LIMIT", 1]]
  Rendering layout layouts/authors.html.erb
  Rendering authors/posts/index.html.erb within layouts/authors
  [1m[36mPost Load (0.2ms)[0m  [1m[34mSELECT "posts".* FROM "posts" WHERE "posts"."author_id" = ?[0m  [["author_id", 1]]
  ↳ app/views/authors/posts/index.html.erb:7
  Rendered authors/posts/index.html.erb within layouts/authors (Duration: 6.3ms | Allocations: 7111)
[Webpacker] Everything's up-to-date. Nothing to do
  Rendered layout layouts/authors.html.erb (Duration: 18.2ms | Allocations: 14490)
Completed 200 OK in 36ms (Views: 19.4ms | ActiveRecord: 1.0ms | Allocations: 25527)


Started GET "/posts/new" for ::1 at 2022-10-06 09:18:42 +0100
Processing by Authors::PostsController#new as HTML
  [1m[36mAuthor Load (0.5ms)[0m  [1m[34mSELECT "authors".* FROM "authors" WHERE "authors"."id" = ? ORDER BY "authors"."id" ASC LIMIT ?[0m  [["id", 1], ["LIMIT", 1]]
  Rendering layout layouts/authors.html.erb
  Rendering authors/posts/new.html.erb within layouts/authors
  Rendered authors/posts/_form.html.erb (Duration: 9.3ms | Allocations: 3618)
  Rendered authors/posts/new.html.erb within layouts/authors (Duration: 10.6ms | Allocations: 3988)
[Webpacker] Everything's up-to-date. Nothing to do
  Rendered layout layouts/authors.html.erb (Duration: 16.6ms | Allocations: 7705)
Completed 200 OK in 39ms (Views: 17.3ms | ActiveRecord: 0.5ms | Allocations: 10008)


